Using pre-set license
Built from '2020.3/staging' branch; Version is '2020.3.19f1 (68f137dc9bbe) revision 6877495'; Using compiler version '192528614'; Build Type 'Release'
OS: 'Windows 10 Home; OS build 19044.1526; Version 2009; 64bit' Language: 'en' Physical Memory: 16271 MB
BatchMode: 1, IsHumanControllingUs: 0, StartBugReporterOnCrash: 0, Is64bit: 1, IsPro: 0

COMMAND LINE ARGUMENTS:
D:\Unity\2020.3.19f1\Editor\Unity.exe
-adb2
-batchMode
-noUpm
-name
AssetImportWorker0
-projectPath
D:/Users/Joaquin/Documents/University Year 2/Courseworks/Games Design and Development year2 Coursework
-logFile
Logs/AssetImportWorker0.log
-srvPort
59354
Successfully changed project path to: D:/Users/Joaquin/Documents/University Year 2/Courseworks/Games Design and Development year2 Coursework
D:/Users/Joaquin/Documents/University Year 2/Courseworks/Games Design and Development year2 Coursework
Using Asset Import Pipeline V2.
Refreshing native plugins compatible for Editor in 57.79 ms, found 3 plugins.
Preloading 0 native plugins for Editor in 0.00 ms.
Initialize engine version: 2020.3.19f1 (68f137dc9bbe)
[Subsystems] Discovering subsystems at path D:/Unity/2020.3.19f1/Editor/Data/Resources/UnitySubsystems
[Subsystems] Discovering subsystems at path D:/Users/Joaquin/Documents/University Year 2/Courseworks/Games Design and Development year2 Coursework/Assets
GfxDevice: creating device client; threaded=0
Direct3D:
    Version:  Direct3D 11.0 [level 11.1]
    Renderer: NVIDIA GeForce GTX 1050 Ti (ID=0x1c8c)
    Vendor:   
    VRAM:     4021 MB
    Driver:   27.21.14.5655
Initialize mono
Mono path[0] = 'D:/Unity/2020.3.19f1/Editor/Data/Managed'
Mono path[1] = 'D:/Unity/2020.3.19f1/Editor/Data/MonoBleedingEdge/lib/mono/unityjit'
Mono config path = 'D:/Unity/2020.3.19f1/Editor/Data/MonoBleedingEdge/etc'
Using monoOptions --debugger-agent=transport=dt_socket,embedding=1,server=y,suspend=n,address=127.0.0.1:56956
Begin MonoManager ReloadAssembly
Registering precompiled unity dll's ...
Register platform support module: D:/Unity/2020.3.19f1/Editor/Data/PlaybackEngines/WebGLSupport/UnityEditor.WebGL.Extensions.dll
Register platform support module: D:/Unity/2020.3.19f1/Editor/Data/PlaybackEngines/MacStandaloneSupport/UnityEditor.OSXStandalone.Extensions.dll
Register platform support module: D:/Unity/2020.3.19f1/Editor/Data/PlaybackEngines/WindowsStandaloneSupport/UnityEditor.WindowsStandalone.Extensions.dll
Registered in 0.002222 seconds.
Native extension for WindowsStandalone target not found
Native extension for OSXStandalone target not found
Native extension for WebGL target not found
Refreshing native plugins compatible for Editor in 60.07 ms, found 3 plugins.
Preloading 0 native plugins for Editor in 0.00 ms.
Mono: successfully reloaded assembly
- Completed reload, in  2.436 seconds
Domain Reload Profiling:
	ReloadAssembly (2437ms)
		BeginReloadAssembly (60ms)
			ExecutionOrderSort (0ms)
			DisableScriptedObjects (0ms)
			BackupInstance (0ms)
			ReleaseScriptingObjects (0ms)
			CreateAndSetChildDomain (1ms)
		EndReloadAssembly (498ms)
			LoadAssemblies (59ms)
			RebuildTransferFunctionScriptingTraits (0ms)
			SetupTypeCache (182ms)
			ReleaseScriptCaches (0ms)
			RebuildScriptCaches (36ms)
			SetupLoadedEditorAssemblies (204ms)
				LogAssemblyErrors (0ms)
				InitializePlatformSupportModulesInManaged (6ms)
				SetLoadedEditorAssemblies (0ms)
				RefreshPlugins (60ms)
				BeforeProcessingInitializeOnLoad (18ms)
				ProcessInitializeOnLoadAttributes (87ms)
				ProcessInitializeOnLoadMethodAttributes (32ms)
				AfterProcessingInitializeOnLoad (0ms)
				EditorAssembliesLoaded (0ms)
			ExecutionOrderSort2 (0ms)
			AwakeInstancesAfterBackupRestoration (0ms)
Platform modules already initialized, skipping
Registering precompiled user dll's ...
Registered in 0.003545 seconds.
Begin MonoManager ReloadAssembly
OnLevelWasLoaded was found on GameManager
This message has been deprecated and will be removed in a later version of Unity.
Add a delegate to SceneManager.sceneLoaded instead to get notifications after scene loading has completed
Native extension for WindowsStandalone target not found
Native extension for OSXStandalone target not found
Native extension for WebGL target not found
Refreshing native plugins compatible for Editor in 55.50 ms, found 3 plugins.
Preloading 0 native plugins for Editor in 0.00 ms.
Mono: successfully reloaded assembly
- Completed reload, in  1.279 seconds
Domain Reload Profiling:
	ReloadAssembly (1280ms)
		BeginReloadAssembly (161ms)
			ExecutionOrderSort (0ms)
			DisableScriptedObjects (5ms)
			BackupInstance (0ms)
			ReleaseScriptingObjects (0ms)
			CreateAndSetChildDomain (20ms)
		EndReloadAssembly (1054ms)
			LoadAssemblies (106ms)
			RebuildTransferFunctionScriptingTraits (0ms)
			SetupTypeCache (335ms)
			ReleaseScriptCaches (0ms)
			RebuildScriptCaches (59ms)
			SetupLoadedEditorAssemblies (430ms)
				LogAssemblyErrors (0ms)
				InitializePlatformSupportModulesInManaged (6ms)
				SetLoadedEditorAssemblies (1ms)
				RefreshPlugins (56ms)
				BeforeProcessingInitializeOnLoad (99ms)
				ProcessInitializeOnLoadAttributes (252ms)
				ProcessInitializeOnLoadMethodAttributes (13ms)
				AfterProcessingInitializeOnLoad (3ms)
				EditorAssembliesLoaded (0ms)
			ExecutionOrderSort2 (0ms)
			AwakeInstancesAfterBackupRestoration (8ms)
Platform modules already initialized, skipping
========================================================================
Worker process is ready to serve import requests
Launched and connected shader compiler UnityShaderCompiler.exe after 0.05 seconds
Refreshing native plugins compatible for Editor in 0.54 ms, found 3 plugins.
Preloading 0 native plugins for Editor in 0.00 ms.
Unloading 2682 Unused Serialized files (Serialized files now loaded: 0)
System memory in use before: 130.3 MB.
System memory in use after: 130.5 MB.

Unloading 26 unused Assets to reduce memory usage. Loaded Objects now: 3143.
Total: 3.473300 ms (FindLiveObjects: 0.253800 ms CreateObjectMapping: 0.132900 ms MarkObjects: 2.947900 ms  DeleteObjects: 0.137700 ms)

AssetImportParameters requested are different than current active one (requested -> active):
  requireTextureImportCompression: false -> true
  custom:framework-win-MediaFoundation: 216162199b28c13a410421893ffa2e32 -> 
  custom:video-decoder-ogg-theora: a1e56fd34408186e4bbccfd4996cb3dc -> 
  custom:container-muxer-webm: aa71ff27fc2769a1b78a27578f13a17b -> 
  custom:container-demuxer-webm: 4f35f7cbe854078d1ac9338744f61a02 -> 
  custom:container-demuxer-ogg: 62fdf1f143b41e24485cea50d1cbac27 -> 
  custom:video-encoder-webm-vp8: eb34c28f22e8b96e1ab97ce403110664 -> 
  custom:video-decoder-webm-vp8: 9c59270c3fd7afecdb556c50c9e8de78 -> 
  custom:audio-decoder-ogg-vorbis: bf7c407c2cedff20999df2af8eb42d56 -> 
  custom:audio-encoder-webm-vorbis: bf7c407c2cedff20999df2af8eb42d56 -> 
========================================================================
Received Import Request.
  path: Assets/SFX
  artifactKey: Guid(a62ecec75c9ff8e4085f6b1af0de00ce) Importer(815301076,1909f56bfc062723c751e8b465ee728b)
Start importing Assets/SFX using Guid(a62ecec75c9ff8e4085f6b1af0de00ce) Importer(815301076,1909f56bfc062723c751e8b465ee728b)  -> (artifact id: 'b927a1953c7d70f1a265be061d31be3d') in 0.195920 seconds 
  Import took 0.200141 seconds .

========================================================================
Received Import Request.
  Time since last request: 2.480011 seconds.
  path: Assets/Audio
  artifactKey: Guid(f507180a06eb7094aa3a182fbe275826) Importer(815301076,1909f56bfc062723c751e8b465ee728b)
Start importing Assets/Audio using Guid(f507180a06eb7094aa3a182fbe275826) Importer(815301076,1909f56bfc062723c751e8b465ee728b)  -> (artifact id: 'eb52e91682c240d7bae15f84a6b26b6e') in 0.001726 seconds 
  Import took 0.049110 seconds .

========================================================================
Received Import Request.
  Time since last request: 0.973521 seconds.
  path: Assets/Music
  artifactKey: Guid(37eed1066fc913340b707e17c04b3b75) Importer(815301076,1909f56bfc062723c751e8b465ee728b)
Start importing Assets/Music using Guid(37eed1066fc913340b707e17c04b3b75) Importer(815301076,1909f56bfc062723c751e8b465ee728b)  -> (artifact id: '307679ff5f1691655308df7bda103790') in 0.002010 seconds 
  Import took 0.007607 seconds .

========================================================================
Received Import Request.
  Time since last request: 693.908709 seconds.
  path: Assets/Audio/SFX/264031__veiler__low-mid-afar-explosion-1.mp3
  artifactKey: Guid(a96ef57e345d98d4c912a29a8d915d57) Importer(815301076,1909f56bfc062723c751e8b465ee728b)
Start importing Assets/Audio/SFX/264031__veiler__low-mid-afar-explosion-1.mp3 using Guid(a96ef57e345d98d4c912a29a8d915d57) Importer(815301076,1909f56bfc062723c751e8b465ee728b)  -> (artifact id: '6f66749e964ee37a92286f0822748bd0') in 0.160494 seconds 
  Import took 0.165946 seconds .

========================================================================
Received Import Request.
  Time since last request: 14.245247 seconds.
  path: Assets/Prefabs/Explosions/Explosion 1.prefab
  artifactKey: Guid(1ff5cae223ad6a941b1dd8efdb7e8481) Importer(815301076,1909f56bfc062723c751e8b465ee728b)
Start importing Assets/Prefabs/Explosions/Explosion 1.prefab using Guid(1ff5cae223ad6a941b1dd8efdb7e8481) Importer(815301076,1909f56bfc062723c751e8b465ee728b)  -> (artifact id: '58bfe6406828cb01dcc1bf2f96a32971') in 0.180495 seconds 
  Import took 0.185176 seconds .

========================================================================
Received Import Request.
  Time since last request: 2.690636 seconds.
  path: Assets/Prefabs/Explosions/Explosion 5.prefab
  artifactKey: Guid(904e46b531765c94ca333f1749fda5c8) Importer(815301076,1909f56bfc062723c751e8b465ee728b)
Start importing Assets/Prefabs/Explosions/Explosion 5.prefab using Guid(904e46b531765c94ca333f1749fda5c8) Importer(815301076,1909f56bfc062723c751e8b465ee728b)  -> (artifact id: '21dc50873083814f756da0710e7a24d0') in 0.039794 seconds 
  Import took 0.045193 seconds .

========================================================================
Received Import Request.
  Time since last request: 13.961683 seconds.
  path: Assets/Prefabs/Explosions/Explosion 5.prefab
  artifactKey: Guid(904e46b531765c94ca333f1749fda5c8) Importer(815301076,1909f56bfc062723c751e8b465ee728b)
Start importing Assets/Prefabs/Explosions/Explosion 5.prefab using Guid(904e46b531765c94ca333f1749fda5c8) Importer(815301076,1909f56bfc062723c751e8b465ee728b)  -> (artifact id: '633878c01f99707da2913d90c020750a') in 0.011175 seconds 
  Import took 0.016166 seconds .

========================================================================
Received Import Request.
  Time since last request: 12.604169 seconds.
  path: Assets/Prefabs/Explosions/Explosion 5.prefab
  artifactKey: Guid(904e46b531765c94ca333f1749fda5c8) Importer(815301076,1909f56bfc062723c751e8b465ee728b)
Start importing Assets/Prefabs/Explosions/Explosion 5.prefab using Guid(904e46b531765c94ca333f1749fda5c8) Importer(815301076,1909f56bfc062723c751e8b465ee728b)  -> (artifact id: '0d801ed18751ab8ec843512925fc2cd3') in 0.017430 seconds 
  Import took 0.079455 seconds .

========================================================================
Received Import Request.
  Time since last request: 72.978186 seconds.
  path: Assets/Prefabs/Explosions/Explosion 5.prefab
  artifactKey: Guid(904e46b531765c94ca333f1749fda5c8) Importer(815301076,1909f56bfc062723c751e8b465ee728b)
Start importing Assets/Prefabs/Explosions/Explosion 5.prefab using Guid(904e46b531765c94ca333f1749fda5c8) Importer(815301076,1909f56bfc062723c751e8b465ee728b)  -> (artifact id: '9d7520300c793d7ef7aff08bc9c39f80') in 0.010893 seconds 
  Import took 0.016244 seconds .

========================================================================
Received Import Request.
  Time since last request: 10.480972 seconds.
  path: Assets/Audio/SFX/35463__jobro__explosion-6.mp3
  artifactKey: Guid(244a490328310504eb5eacae2925592d) Importer(815301076,1909f56bfc062723c751e8b465ee728b)
Start importing Assets/Audio/SFX/35463__jobro__explosion-6.mp3 using Guid(244a490328310504eb5eacae2925592d) Importer(815301076,1909f56bfc062723c751e8b465ee728b)  -> (artifact id: '01eff684859fc68324f708d22219b315') in 0.108680 seconds 
  Import took 0.113200 seconds .

========================================================================
Received Import Request.
  Time since last request: 6.575327 seconds.
  path: Assets/Prefabs/Explosions/Explosion 1.prefab
  artifactKey: Guid(1ff5cae223ad6a941b1dd8efdb7e8481) Importer(815301076,1909f56bfc062723c751e8b465ee728b)
Start importing Assets/Prefabs/Explosions/Explosion 1.prefab using Guid(1ff5cae223ad6a941b1dd8efdb7e8481) Importer(815301076,1909f56bfc062723c751e8b465ee728b)  -> (artifact id: '56885779e871bccb77ae9085cc7f80f7') in 0.015622 seconds 
  Import took 0.020626 seconds .

========================================================================
Received Import Request.
  Time since last request: 22.578257 seconds.
  path: Assets/Audio/SFX/369529__johandeecke__medium-explosion.mp3
  artifactKey: Guid(0c61f34f732fcc14f922036b1557ab7d) Importer(815301076,1909f56bfc062723c751e8b465ee728b)
Start importing Assets/Audio/SFX/369529__johandeecke__medium-explosion.mp3 using Guid(0c61f34f732fcc14f922036b1557ab7d) Importer(815301076,1909f56bfc062723c751e8b465ee728b)  -> (artifact id: 'b02be445a0e30ddbc4850dd6d64a1f9d') in 0.009870 seconds 
  Import took 0.129522 seconds .

========================================================================
Received Import Request.
  Time since last request: 16.485301 seconds.
  path: Assets/Prefabs/Explosions/Explosion 2.prefab
  artifactKey: Guid(372dccc493252794cbfd4eaca8910505) Importer(815301076,1909f56bfc062723c751e8b465ee728b)
Start importing Assets/Prefabs/Explosions/Explosion 2.prefab using Guid(372dccc493252794cbfd4eaca8910505) Importer(815301076,1909f56bfc062723c751e8b465ee728b)  -> (artifact id: 'c365e6c0f658a4c48e8a6805f71ab5a6') in 0.175714 seconds 
  Import took 0.181318 seconds .

========================================================================
Received Import Request.
  Time since last request: 59.373055 seconds.
  path: Assets/Audio/SFX/398283__flashtrauma__explosion.mp3
  artifactKey: Guid(700b325119610d441b883357ddac842b) Importer(815301076,1909f56bfc062723c751e8b465ee728b)
Start importing Assets/Audio/SFX/398283__flashtrauma__explosion.mp3 using Guid(700b325119610d441b883357ddac842b) Importer(815301076,1909f56bfc062723c751e8b465ee728b)  -> (artifact id: '4480fd78e9e69100dab72566314c5975') in 0.009159 seconds 
  Import took 0.120433 seconds .

========================================================================
Received Import Request.
  Time since last request: 4.411708 seconds.
  path: Assets/Audio/SFX/560575__theplax__explosion-4.mp3
  artifactKey: Guid(7ea250b388e9a0a47844be6216f3ae87) Importer(815301076,1909f56bfc062723c751e8b465ee728b)
Start importing Assets/Audio/SFX/560575__theplax__explosion-4.mp3 using Guid(7ea250b388e9a0a47844be6216f3ae87) Importer(815301076,1909f56bfc062723c751e8b465ee728b)  -> (artifact id: '9c5e396871efc903a839dfb090874eca') in 0.009584 seconds 
  Import took 0.218341 seconds .

========================================================================
Received Import Request.
  Time since last request: 9.065350 seconds.
  path: Assets/Audio/SFX/580040_samsterbirdies_gun-cannon-explosion.mp3
  artifactKey: Guid(4b13b520161985f4fb53ad645c0ed966) Importer(815301076,1909f56bfc062723c751e8b465ee728b)
Start importing Assets/Audio/SFX/580040_samsterbirdies_gun-cannon-explosion.mp3 using Guid(4b13b520161985f4fb53ad645c0ed966) Importer(815301076,1909f56bfc062723c751e8b465ee728b)  -> (artifact id: '9262d5203b455cf0648ef82452682924') in 0.008141 seconds 
  Import took 0.013067 seconds .

========================================================================
Received Import Request.
  Time since last request: 7.603658 seconds.
  path: Assets/Prefabs/Explosions/Explosion 3.prefab
  artifactKey: Guid(9e98a01a9dcd8ab4382be0c5b9d338f6) Importer(815301076,1909f56bfc062723c751e8b465ee728b)
Start importing Assets/Prefabs/Explosions/Explosion 3.prefab using Guid(9e98a01a9dcd8ab4382be0c5b9d338f6) Importer(815301076,1909f56bfc062723c751e8b465ee728b)  -> (artifact id: '312729d8b926e105db2a5b479893fdcb') in 0.021960 seconds 
  Import took 0.026882 seconds .

========================================================================
Received Prepare
Registering precompiled user dll's ...
Registered in 0.003153 seconds.
Begin MonoManager ReloadAssembly
Native extension for WindowsStandalone target not found
Native extension for OSXStandalone target not found
Native extension for WebGL target not found
Refreshing native plugins compatible for Editor in 0.55 ms, found 3 plugins.
Preloading 0 native plugins for Editor in 0.00 ms.
Mono: successfully reloaded assembly
- Completed reload, in  1.273 seconds
Domain Reload Profiling:
	ReloadAssembly (1274ms)
		BeginReloadAssembly (143ms)
			ExecutionOrderSort (0ms)
			DisableScriptedObjects (6ms)
			BackupInstance (0ms)
			ReleaseScriptingObjects (0ms)
			CreateAndSetChildDomain (41ms)
		EndReloadAssembly (1068ms)
			LoadAssemblies (107ms)
			RebuildTransferFunctionScriptingTraits (0ms)
			SetupTypeCache (360ms)
			ReleaseScriptCaches (1ms)
			RebuildScriptCaches (57ms)
			SetupLoadedEditorAssemblies (427ms)
				LogAssemblyErrors (0ms)
				InitializePlatformSupportModulesInManaged (7ms)
				SetLoadedEditorAssemblies (1ms)
				RefreshPlugins (1ms)
				BeforeProcessingInitializeOnLoad (108ms)
				ProcessInitializeOnLoadAttributes (300ms)
				ProcessInitializeOnLoadMethodAttributes (7ms)
				AfterProcessingInitializeOnLoad (3ms)
				EditorAssembliesLoaded (0ms)
			ExecutionOrderSort2 (0ms)
			AwakeInstancesAfterBackupRestoration (12ms)
Platform modules already initialized, skipping
OnLevelWasLoaded was found on GameManager
This message has been deprecated and will be removed in a later version of Unity.
Add a delegate to SceneManager.sceneLoaded instead to get notifications after scene loading has completed
Refreshing native plugins compatible for Editor in 0.77 ms, found 3 plugins.
Preloading 0 native plugins for Editor in 0.00 ms.
Unloading 2646 Unused Serialized files (Serialized files now loaded: 0)
System memory in use before: 130.3 MB.
System memory in use after: 130.5 MB.

Unloading 15 unused Assets to reduce memory usage. Loaded Objects now: 3154.
Total: 3.596200 ms (FindLiveObjects: 0.320900 ms CreateObjectMapping: 0.143200 ms MarkObjects: 3.096400 ms  DeleteObjects: 0.034300 ms)

AssetImportParameters requested are different than current active one (requested -> active):
  requireTextureImportCompression: false -> true
  custom:framework-win-MediaFoundation: 216162199b28c13a410421893ffa2e32 -> 
  custom:video-decoder-ogg-theora: a1e56fd34408186e4bbccfd4996cb3dc -> 
  custom:container-muxer-webm: aa71ff27fc2769a1b78a27578f13a17b -> 
  custom:container-demuxer-webm: 4f35f7cbe854078d1ac9338744f61a02 -> 
  custom:container-demuxer-ogg: 62fdf1f143b41e24485cea50d1cbac27 -> 
  custom:video-encoder-webm-vp8: eb34c28f22e8b96e1ab97ce403110664 -> 
  custom:video-decoder-webm-vp8: 9c59270c3fd7afecdb556c50c9e8de78 -> 
  custom:audio-decoder-ogg-vorbis: bf7c407c2cedff20999df2af8eb42d56 -> 
  custom:audio-encoder-webm-vorbis: bf7c407c2cedff20999df2af8eb42d56 -> 
========================================================================
Received Import Request.
  Time since last request: 291.500576 seconds.
  path: Assets/Prefabs/Projectiles/Bomb.prefab
  artifactKey: Guid(054bc7dd88017cf44a3da54b49358a20) Importer(815301076,1909f56bfc062723c751e8b465ee728b)
Start importing Assets/Prefabs/Projectiles/Bomb.prefab using Guid(054bc7dd88017cf44a3da54b49358a20) Importer(815301076,1909f56bfc062723c751e8b465ee728b)  -> (artifact id: '7a347a5bab687122d7fd76388c59082a') in 0.149251 seconds 
  Import took 0.155167 seconds .

========================================================================
Received Import Request.
  Time since last request: 612.638420 seconds.
  path: Assets/Scenes/Phase3.unity
  artifactKey: Guid(c9eb06179bf243842893781282c2cc44) Importer(815301076,1909f56bfc062723c751e8b465ee728b)
Start importing Assets/Scenes/Phase3.unity using Guid(c9eb06179bf243842893781282c2cc44) Importer(815301076,1909f56bfc062723c751e8b465ee728b)  -> (artifact id: 'a7ee2eea99cf1144a9c24a79afd53eee') in 0.003104 seconds 
  Import took 0.105906 seconds .

========================================================================
Received Import Request.
  Time since last request: 669.815555 seconds.
  path: Assets/Prefabs/Explosions/Explosion 4.prefab
  artifactKey: Guid(b823b88502c40774caebc8f6cf2fad5b) Importer(815301076,1909f56bfc062723c751e8b465ee728b)
Start importing Assets/Prefabs/Explosions/Explosion 4.prefab using Guid(b823b88502c40774caebc8f6cf2fad5b) Importer(815301076,1909f56bfc062723c751e8b465ee728b)  -> (artifact id: '6e6dad4df8244031dab029813b4c653b') in 0.029266 seconds 
  Import took 0.155302 seconds .

========================================================================
Received Import Request.
  Time since last request: 3.899827 seconds.
  path: Assets/Prefabs/Explosions/Explosion 2.prefab
  artifactKey: Guid(372dccc493252794cbfd4eaca8910505) Importer(815301076,1909f56bfc062723c751e8b465ee728b)
Start importing Assets/Prefabs/Explosions/Explosion 2.prefab using Guid(372dccc493252794cbfd4eaca8910505) Importer(815301076,1909f56bfc062723c751e8b465ee728b)  -> (artifact id: '25cceb02b50ba5767100551db0d25015') in 0.015549 seconds 
  Import took 0.113777 seconds .

========================================================================
Received Prepare
Registering precompiled user dll's ...
Registered in 0.003924 seconds.
Begin MonoManager ReloadAssembly
Native extension for WindowsStandalone target not found
Native extension for OSXStandalone target not found
Native extension for WebGL target not found
Refreshing native plugins compatible for Editor in 0.57 ms, found 3 plugins.
Preloading 0 native plugins for Editor in 0.00 ms.
Mono: successfully reloaded assembly
- Completed reload, in  1.138 seconds
Domain Reload Profiling:
	ReloadAssembly (1139ms)
		BeginReloadAssembly (140ms)
			ExecutionOrderSort (0ms)
			DisableScriptedObjects (6ms)
			BackupInstance (0ms)
			ReleaseScriptingObjects (0ms)
			CreateAndSetChildDomain (43ms)
		EndReloadAssembly (936ms)
			LoadAssemblies (112ms)
			RebuildTransferFunctionScriptingTraits (0ms)
			SetupTypeCache (329ms)
			ReleaseScriptCaches (1ms)
			RebuildScriptCaches (50ms)
			SetupLoadedEditorAssemblies (342ms)
				LogAssemblyErrors (0ms)
				InitializePlatformSupportModulesInManaged (7ms)
				SetLoadedEditorAssemblies (0ms)
				RefreshPlugins (1ms)
				BeforeProcessingInitializeOnLoad (92ms)
				ProcessInitializeOnLoadAttributes (234ms)
				ProcessInitializeOnLoadMethodAttributes (6ms)
				AfterProcessingInitializeOnLoad (3ms)
				EditorAssembliesLoaded (0ms)
			ExecutionOrderSort2 (0ms)
			AwakeInstancesAfterBackupRestoration (9ms)
Platform modules already initialized, skipping
OnLevelWasLoaded was found on GameManager
This message has been deprecated and will be removed in a later version of Unity.
Add a delegate to SceneManager.sceneLoaded instead to get notifications after scene loading has completed
Refreshing native plugins compatible for Editor in 0.56 ms, found 3 plugins.
Preloading 0 native plugins for Editor in 0.00 ms.
Unloading 2646 Unused Serialized files (Serialized files now loaded: 0)
System memory in use before: 130.4 MB.
System memory in use after: 130.6 MB.

Unloading 15 unused Assets to reduce memory usage. Loaded Objects now: 3157.
Total: 3.536800 ms (FindLiveObjects: 0.249700 ms CreateObjectMapping: 0.137600 ms MarkObjects: 3.115800 ms  DeleteObjects: 0.032500 ms)

AssetImportParameters requested are different than current active one (requested -> active):
  requireTextureImportCompression: false -> true
  custom:framework-win-MediaFoundation: 216162199b28c13a410421893ffa2e32 -> 
  custom:video-decoder-ogg-theora: a1e56fd34408186e4bbccfd4996cb3dc -> 
  custom:container-muxer-webm: aa71ff27fc2769a1b78a27578f13a17b -> 
  custom:container-demuxer-webm: 4f35f7cbe854078d1ac9338744f61a02 -> 
  custom:container-demuxer-ogg: 62fdf1f143b41e24485cea50d1cbac27 -> 
  custom:video-encoder-webm-vp8: eb34c28f22e8b96e1ab97ce403110664 -> 
  custom:video-decoder-webm-vp8: 9c59270c3fd7afecdb556c50c9e8de78 -> 
  custom:audio-decoder-ogg-vorbis: bf7c407c2cedff20999df2af8eb42d56 -> 
  custom:audio-encoder-webm-vorbis: bf7c407c2cedff20999df2af8eb42d56 -> 
========================================================================
Received Import Request.
  Time since last request: 20.311961 seconds.
  path: Assets/Prefabs/Explosions/Explosion 4.prefab
  artifactKey: Guid(b823b88502c40774caebc8f6cf2fad5b) Importer(815301076,1909f56bfc062723c751e8b465ee728b)
Start importing Assets/Prefabs/Explosions/Explosion 4.prefab using Guid(b823b88502c40774caebc8f6cf2fad5b) Importer(815301076,1909f56bfc062723c751e8b465ee728b)  -> (artifact id: '606ceb41077329eab02faa486617b79d') in 0.072165 seconds 
  Import took 0.077752 seconds .

========================================================================
Received Import Request.
  Time since last request: 37.626354 seconds.
  path: Assets/Prefabs/Projectiles/PlayerBullet.prefab
  artifactKey: Guid(a798e92d3b4436241a402e2a7c7ea396) Importer(815301076,1909f56bfc062723c751e8b465ee728b)
Start importing Assets/Prefabs/Projectiles/PlayerBullet.prefab using Guid(a798e92d3b4436241a402e2a7c7ea396) Importer(815301076,1909f56bfc062723c751e8b465ee728b)  -> (artifact id: '19eb87f5578ec38c2a4acc038c907509') in 0.026176 seconds 
  Import took 0.040941 seconds .

========================================================================
Received Import Request.
  Time since last request: 3.345503 seconds.
  path: Assets/Prefabs/Projectiles/PlayerBullet.prefab
  artifactKey: Guid(a798e92d3b4436241a402e2a7c7ea396) Importer(815301076,1909f56bfc062723c751e8b465ee728b)
Start importing Assets/Prefabs/Projectiles/PlayerBullet.prefab using Guid(a798e92d3b4436241a402e2a7c7ea396) Importer(815301076,1909f56bfc062723c751e8b465ee728b)  -> (artifact id: '1773e350baf3e9d7fc6050f53a18201f') in 0.009829 seconds 
  Import took 0.030216 seconds .

========================================================================
Received Import Request.
  Time since last request: 48.130541 seconds.
  path: Assets/Prefabs/Projectiles/PlayerBullet.prefab
  artifactKey: Guid(a798e92d3b4436241a402e2a7c7ea396) Importer(815301076,1909f56bfc062723c751e8b465ee728b)
Start importing Assets/Prefabs/Projectiles/PlayerBullet.prefab using Guid(a798e92d3b4436241a402e2a7c7ea396) Importer(815301076,1909f56bfc062723c751e8b465ee728b)  -> (artifact id: 'ab406c89a19f558a2567d3be0dbca6e0') in 0.012343 seconds 
  Import took 0.104799 seconds .

========================================================================
Received Import Request.
  Time since last request: 30.262131 seconds.
  path: Assets/Prefabs/Projectiles/PlayerBullet.prefab
  artifactKey: Guid(a798e92d3b4436241a402e2a7c7ea396) Importer(815301076,1909f56bfc062723c751e8b465ee728b)
Start importing Assets/Prefabs/Projectiles/PlayerBullet.prefab using Guid(a798e92d3b4436241a402e2a7c7ea396) Importer(815301076,1909f56bfc062723c751e8b465ee728b)  -> (artifact id: '6ee84773d3025a733d911dc16be6669c') in 0.028441 seconds 
  Import took 0.033455 seconds .

========================================================================
Received Import Request.
  Time since last request: 4.162320 seconds.
  path: Assets/Audio/SFX/Laser Shot_1.mp3
  artifactKey: Guid(bf3faddb65976e0418aa6e96cfe9ab6d) Importer(815301076,1909f56bfc062723c751e8b465ee728b)
Start importing Assets/Audio/SFX/Laser Shot_1.mp3 using Guid(bf3faddb65976e0418aa6e96cfe9ab6d) Importer(815301076,1909f56bfc062723c751e8b465ee728b)  -> (artifact id: '9b6c8bfa17afadcc4b0d4164367e6d1d') in 0.015360 seconds 
  Import took 0.099823 seconds .

========================================================================
Received Import Request.
  Time since last request: 24.093040 seconds.
  path: Assets/Prefabs/Projectiles/BossBullet.prefab
  artifactKey: Guid(f5cf736798623f24ba53b83f2ab74071) Importer(815301076,1909f56bfc062723c751e8b465ee728b)
Start importing Assets/Prefabs/Projectiles/BossBullet.prefab using Guid(f5cf736798623f24ba53b83f2ab74071) Importer(815301076,1909f56bfc062723c751e8b465ee728b)  -> (artifact id: 'a51be2fe5d37a745a90ed9fdad9c9519') in 0.024800 seconds 
  Import took 0.042145 seconds .

========================================================================
Received Import Request.
  Time since last request: 58.766454 seconds.
  path: Assets/Prefabs/Projectiles/BossBullet.prefab
  artifactKey: Guid(f5cf736798623f24ba53b83f2ab74071) Importer(815301076,1909f56bfc062723c751e8b465ee728b)
Start importing Assets/Prefabs/Projectiles/BossBullet.prefab using Guid(f5cf736798623f24ba53b83f2ab74071) Importer(815301076,1909f56bfc062723c751e8b465ee728b)  -> (artifact id: '9391af90356efce265a2333204116116') in 0.010381 seconds 
  Import took 0.071012 seconds .

========================================================================
Received Import Request.
  Time since last request: 21.512093 seconds.
  path: Assets/Prefabs/Projectiles/EnemyBullet.prefab
  artifactKey: Guid(4244fdc84e4681944a0ee07b109007a4) Importer(815301076,1909f56bfc062723c751e8b465ee728b)
Start importing Assets/Prefabs/Projectiles/EnemyBullet.prefab using Guid(4244fdc84e4681944a0ee07b109007a4) Importer(815301076,1909f56bfc062723c751e8b465ee728b)  -> (artifact id: '302efe2eced1efbbec1770ff72b61e1b') in 0.025052 seconds 
  Import took 0.031019 seconds .

========================================================================
Received Import Request.
  Time since last request: 42.789923 seconds.
  path: Assets/Prefabs/Projectiles/EnemyBullet.prefab
  artifactKey: Guid(4244fdc84e4681944a0ee07b109007a4) Importer(815301076,1909f56bfc062723c751e8b465ee728b)
Start importing Assets/Prefabs/Projectiles/EnemyBullet.prefab using Guid(4244fdc84e4681944a0ee07b109007a4) Importer(815301076,1909f56bfc062723c751e8b465ee728b)  -> (artifact id: '60ffd3dc5b8a9db758a1cd96fffdd610') in 0.010767 seconds 
  Import took 0.029689 seconds .

========================================================================
Received Import Request.
  Time since last request: 21.987786 seconds.
  path: Assets/Audio/SFX/42106__marcuslee__laser-wrath-4.mp3
  artifactKey: Guid(48c8c013957bfca46af13f1e578bf4a0) Importer(815301076,1909f56bfc062723c751e8b465ee728b)
Start importing Assets/Audio/SFX/42106__marcuslee__laser-wrath-4.mp3 using Guid(48c8c013957bfca46af13f1e578bf4a0) Importer(815301076,1909f56bfc062723c751e8b465ee728b)  -> (artifact id: '9e6c9fd4858f50b3a4eb424707eeaea4') in 0.009858 seconds 
  Import took 0.106983 seconds .

========================================================================
Received Import Request.
  Time since last request: 9.485215 seconds.
  path: Assets/Prefabs/Projectiles/PlayerMissile.prefab
  artifactKey: Guid(8724df4961e76a54684bcb557a04149f) Importer(815301076,1909f56bfc062723c751e8b465ee728b)
Start importing Assets/Prefabs/Projectiles/PlayerMissile.prefab using Guid(8724df4961e76a54684bcb557a04149f) Importer(815301076,1909f56bfc062723c751e8b465ee728b)  -> (artifact id: 'abc1e93f5d0cce286f4cf50862840e11') in 0.013596 seconds 
  Import took 0.053742 seconds .

========================================================================
Received Import Request.
  Time since last request: 45.087057 seconds.
  path: Assets/Prefabs/Projectiles/PlayerMissile.prefab
  artifactKey: Guid(8724df4961e76a54684bcb557a04149f) Importer(815301076,1909f56bfc062723c751e8b465ee728b)
Start importing Assets/Prefabs/Projectiles/PlayerMissile.prefab using Guid(8724df4961e76a54684bcb557a04149f) Importer(815301076,1909f56bfc062723c751e8b465ee728b)  -> (artifact id: '56838ec1c1c9a420bb8536d960ce7147') in 0.013191 seconds 
  Import took 0.019012 seconds .

========================================================================
Received Import Request.
  Time since last request: 3.938471 seconds.
  path: Assets/Prefabs/Projectiles/PlayerMissile.prefab
  artifactKey: Guid(8724df4961e76a54684bcb557a04149f) Importer(815301076,1909f56bfc062723c751e8b465ee728b)
Start importing Assets/Prefabs/Projectiles/PlayerMissile.prefab using Guid(8724df4961e76a54684bcb557a04149f) Importer(815301076,1909f56bfc062723c751e8b465ee728b)  -> (artifact id: '8419d3898015d2b13d675a529438c64b') in 0.032066 seconds 
  Import took 0.429759 seconds .

========================================================================
Received Import Request.
  Time since last request: 2.702538 seconds.
  path: Assets/Prefabs/Projectiles/PlayerMissile.prefab
  artifactKey: Guid(8724df4961e76a54684bcb557a04149f) Importer(815301076,1909f56bfc062723c751e8b465ee728b)
Start importing Assets/Prefabs/Projectiles/PlayerMissile.prefab using Guid(8724df4961e76a54684bcb557a04149f) Importer(815301076,1909f56bfc062723c751e8b465ee728b)  -> (artifact id: '2e17e49041a6f5c962111979485945f4') in 0.023744 seconds 
  Import took 0.029350 seconds .

========================================================================
Received Import Request.
  Time since last request: 8.746864 seconds.
  path: Assets/Prefabs/Projectiles/PlayerMissile.prefab
  artifactKey: Guid(8724df4961e76a54684bcb557a04149f) Importer(815301076,1909f56bfc062723c751e8b465ee728b)
Start importing Assets/Prefabs/Projectiles/PlayerMissile.prefab using Guid(8724df4961e76a54684bcb557a04149f) Importer(815301076,1909f56bfc062723c751e8b465ee728b)  -> (artifact id: '2ea3084f0f6a9224bfaa7034c7b53992') in 0.013417 seconds 
  Import took 0.058724 seconds .

========================================================================
Received Import Request.
  Time since last request: 2.643618 seconds.
  path: Assets/Prefabs/Projectiles/PlayerMissile.prefab
  artifactKey: Guid(8724df4961e76a54684bcb557a04149f) Importer(815301076,1909f56bfc062723c751e8b465ee728b)
Start importing Assets/Prefabs/Projectiles/PlayerMissile.prefab using Guid(8724df4961e76a54684bcb557a04149f) Importer(815301076,1909f56bfc062723c751e8b465ee728b)  -> (artifact id: '231019dd0f4f7953a2c08643fb3fe05e') in 0.031489 seconds 
  Import took 0.070152 seconds .

========================================================================
Received Import Request.
  Time since last request: 8.597482 seconds.
  path: Assets/Audio/SFX/512469__michael-grinnell__laser-shot.mp3
  artifactKey: Guid(880ef3f6e6987a64f8e411bee31d62d8) Importer(815301076,1909f56bfc062723c751e8b465ee728b)
Start importing Assets/Audio/SFX/512469__michael-grinnell__laser-shot.mp3 using Guid(880ef3f6e6987a64f8e411bee31d62d8) Importer(815301076,1909f56bfc062723c751e8b465ee728b)  -> (artifact id: '2f48392eadaa0428b9b74b422daeb338') in 0.009951 seconds 
  Import took 0.098710 seconds .

========================================================================
Received Import Request.
  Time since last request: 4.647361 seconds.
  path: Assets/Prefabs/Projectiles/EnemyMissile.prefab
  artifactKey: Guid(5af78be69a222354bb45f6fb2466157f) Importer(815301076,1909f56bfc062723c751e8b465ee728b)
Start importing Assets/Prefabs/Projectiles/EnemyMissile.prefab using Guid(5af78be69a222354bb45f6fb2466157f) Importer(815301076,1909f56bfc062723c751e8b465ee728b)  -> (artifact id: 'c664106142234fabe34c114fd4ce5b40') in 0.025367 seconds 
  Import took 0.070069 seconds .

========================================================================
Received Import Request.
  Time since last request: 16.736199 seconds.
  path: Assets/Prefabs/Projectiles/EnemyBullet.prefab
  artifactKey: Guid(4244fdc84e4681944a0ee07b109007a4) Importer(815301076,1909f56bfc062723c751e8b465ee728b)
Start importing Assets/Prefabs/Projectiles/EnemyBullet.prefab using Guid(4244fdc84e4681944a0ee07b109007a4) Importer(815301076,1909f56bfc062723c751e8b465ee728b)  -> (artifact id: '0d3d96a6c949c8352dc8c7e182d204b0') in 0.020517 seconds 
  Import took 0.026630 seconds .

========================================================================
Received Import Request.
  Time since last request: 2.070870 seconds.
  path: Assets/Prefabs/Projectiles/BossBullet.prefab
  artifactKey: Guid(f5cf736798623f24ba53b83f2ab74071) Importer(815301076,1909f56bfc062723c751e8b465ee728b)
Start importing Assets/Prefabs/Projectiles/BossBullet.prefab using Guid(f5cf736798623f24ba53b83f2ab74071) Importer(815301076,1909f56bfc062723c751e8b465ee728b)  -> (artifact id: '0d09b7e313ae6b6f3e18d0e350db70ae') in 0.025582 seconds 
  Import took 0.064632 seconds .

========================================================================
Received Import Request.
  Time since last request: 28.178320 seconds.
  path: Assets/Prefabs/Explosions/Devastator.prefab
  artifactKey: Guid(f57f4a2d436a17144b8d1e95a5a8362a) Importer(815301076,1909f56bfc062723c751e8b465ee728b)
Start importing Assets/Prefabs/Explosions/Devastator.prefab using Guid(f57f4a2d436a17144b8d1e95a5a8362a) Importer(815301076,1909f56bfc062723c751e8b465ee728b)  -> (artifact id: '18e058484370fceccaed912bafc9fb9e') in 0.024766 seconds 
  Import took 0.030398 seconds .

========================================================================
Received Import Request.
  Time since last request: 86.481025 seconds.
  path: Assets/Prefabs/Explosions/Devastator.prefab
  artifactKey: Guid(f57f4a2d436a17144b8d1e95a5a8362a) Importer(815301076,1909f56bfc062723c751e8b465ee728b)
Start importing Assets/Prefabs/Explosions/Devastator.prefab using Guid(f57f4a2d436a17144b8d1e95a5a8362a) Importer(815301076,1909f56bfc062723c751e8b465ee728b)  -> (artifact id: '936763cdf0df2a82c250a10cf6995de6') in 0.016342 seconds 
  Import took 0.022967 seconds .

========================================================================
Received Import Request.
  Time since last request: 2.018972 seconds.
  path: Assets/Prefabs/Explosions/Devastator.prefab
  artifactKey: Guid(f57f4a2d436a17144b8d1e95a5a8362a) Importer(815301076,1909f56bfc062723c751e8b465ee728b)
Start importing Assets/Prefabs/Explosions/Devastator.prefab using Guid(f57f4a2d436a17144b8d1e95a5a8362a) Importer(815301076,1909f56bfc062723c751e8b465ee728b)  -> (artifact id: 'e654496b0defb580e5d11dfb0cfe7a34') in 0.013948 seconds 
  Import took 0.020940 seconds .

========================================================================
Received Prepare
Registering precompiled user dll's ...
Registered in 0.003778 seconds.
Begin MonoManager ReloadAssembly
Native extension for WindowsStandalone target not found
Native extension for OSXStandalone target not found
Native extension for WebGL target not found
Refreshing native plugins compatible for Editor in 0.53 ms, found 3 plugins.
Preloading 0 native plugins for Editor in 0.00 ms.
Mono: successfully reloaded assembly
- Completed reload, in  1.170 seconds
Domain Reload Profiling:
	ReloadAssembly (1171ms)
		BeginReloadAssembly (129ms)
			ExecutionOrderSort (0ms)
			DisableScriptedObjects (6ms)
			BackupInstance (0ms)
			ReleaseScriptingObjects (0ms)
			CreateAndSetChildDomain (41ms)
		EndReloadAssembly (976ms)
			LoadAssemblies (112ms)
			RebuildTransferFunctionScriptingTraits (0ms)
			SetupTypeCache (342ms)
			ReleaseScriptCaches (1ms)
			RebuildScriptCaches (53ms)
			SetupLoadedEditorAssemblies (362ms)
				LogAssemblyErrors (0ms)
				InitializePlatformSupportModulesInManaged (7ms)
				SetLoadedEditorAssemblies (0ms)
				RefreshPlugins (1ms)
				BeforeProcessingInitializeOnLoad (109ms)
				ProcessInitializeOnLoadAttributes (236ms)
				ProcessInitializeOnLoadMethodAttributes (6ms)
				AfterProcessingInitializeOnLoad (3ms)
				EditorAssembliesLoaded (0ms)
			ExecutionOrderSort2 (0ms)
			AwakeInstancesAfterBackupRestoration (9ms)
Platform modules already initialized, skipping
OnLevelWasLoaded was found on GameManager
This message has been deprecated and will be removed in a later version of Unity.
Add a delegate to SceneManager.sceneLoaded instead to get notifications after scene loading has completed
Refreshing native plugins compatible for Editor in 0.56 ms, found 3 plugins.
Preloading 0 native plugins for Editor in 0.00 ms.
Unloading 2646 Unused Serialized files (Serialized files now loaded: 0)
System memory in use before: 130.5 MB.
System memory in use after: 130.7 MB.

Unloading 18 unused Assets to reduce memory usage. Loaded Objects now: 3161.
Total: 3.742800 ms (FindLiveObjects: 0.269900 ms CreateObjectMapping: 0.211500 ms MarkObjects: 3.192500 ms  DeleteObjects: 0.067500 ms)

AssetImportParameters requested are different than current active one (requested -> active):
  requireTextureImportCompression: false -> true
  custom:framework-win-MediaFoundation: 216162199b28c13a410421893ffa2e32 -> 
  custom:video-decoder-ogg-theora: a1e56fd34408186e4bbccfd4996cb3dc -> 
  custom:container-muxer-webm: aa71ff27fc2769a1b78a27578f13a17b -> 
  custom:container-demuxer-webm: 4f35f7cbe854078d1ac9338744f61a02 -> 
  custom:container-demuxer-ogg: 62fdf1f143b41e24485cea50d1cbac27 -> 
  custom:video-encoder-webm-vp8: eb34c28f22e8b96e1ab97ce403110664 -> 
  custom:video-decoder-webm-vp8: 9c59270c3fd7afecdb556c50c9e8de78 -> 
  custom:audio-decoder-ogg-vorbis: bf7c407c2cedff20999df2af8eb42d56 -> 
  custom:audio-encoder-webm-vorbis: bf7c407c2cedff20999df2af8eb42d56 -> 
========================================================================
Received Prepare
Registering precompiled user dll's ...
Registered in 0.003338 seconds.
Begin MonoManager ReloadAssembly
Native extension for WindowsStandalone target not found
Native extension for OSXStandalone target not found
Native extension for WebGL target not found
Refreshing native plugins compatible for Editor in 0.54 ms, found 3 plugins.
Preloading 0 native plugins for Editor in 0.00 ms.
Mono: successfully reloaded assembly
- Completed reload, in  1.122 seconds
Domain Reload Profiling:
	ReloadAssembly (1123ms)
		BeginReloadAssembly (132ms)
			ExecutionOrderSort (0ms)
			DisableScriptedObjects (6ms)
			BackupInstance (0ms)
			ReleaseScriptingObjects (0ms)
			CreateAndSetChildDomain (41ms)
		EndReloadAssembly (932ms)
			LoadAssemblies (103ms)
			RebuildTransferFunctionScriptingTraits (0ms)
			SetupTypeCache (335ms)
			ReleaseScriptCaches (1ms)
			RebuildScriptCaches (51ms)
			SetupLoadedEditorAssemblies (335ms)
				LogAssemblyErrors (0ms)
				InitializePlatformSupportModulesInManaged (8ms)
				SetLoadedEditorAssemblies (0ms)
				RefreshPlugins (1ms)
				BeforeProcessingInitializeOnLoad (94ms)
				ProcessInitializeOnLoadAttributes (224ms)
				ProcessInitializeOnLoadMethodAttributes (6ms)
				AfterProcessingInitializeOnLoad (3ms)
				EditorAssembliesLoaded (0ms)
			ExecutionOrderSort2 (0ms)
			AwakeInstancesAfterBackupRestoration (9ms)
Platform modules already initialized, skipping
OnLevelWasLoaded was found on GameManager
This message has been deprecated and will be removed in a later version of Unity.
Add a delegate to SceneManager.sceneLoaded instead to get notifications after scene loading has completed
Refreshing native plugins compatible for Editor in 0.62 ms, found 3 plugins.
Preloading 0 native plugins for Editor in 0.00 ms.
Unloading 2646 Unused Serialized files (Serialized files now loaded: 0)
System memory in use before: 130.5 MB.
System memory in use after: 130.7 MB.

Unloading 15 unused Assets to reduce memory usage. Loaded Objects now: 3163.
Total: 4.848200 ms (FindLiveObjects: 0.283000 ms CreateObjectMapping: 0.147600 ms MarkObjects: 4.377000 ms  DeleteObjects: 0.039100 ms)

AssetImportParameters requested are different than current active one (requested -> active):
  requireTextureImportCompression: false -> true
  custom:framework-win-MediaFoundation: 216162199b28c13a410421893ffa2e32 -> 
  custom:video-decoder-ogg-theora: a1e56fd34408186e4bbccfd4996cb3dc -> 
  custom:container-muxer-webm: aa71ff27fc2769a1b78a27578f13a17b -> 
  custom:container-demuxer-webm: 4f35f7cbe854078d1ac9338744f61a02 -> 
  custom:container-demuxer-ogg: 62fdf1f143b41e24485cea50d1cbac27 -> 
  custom:video-encoder-webm-vp8: eb34c28f22e8b96e1ab97ce403110664 -> 
  custom:video-decoder-webm-vp8: 9c59270c3fd7afecdb556c50c9e8de78 -> 
  custom:audio-decoder-ogg-vorbis: bf7c407c2cedff20999df2af8eb42d56 -> 
  custom:audio-encoder-webm-vorbis: bf7c407c2cedff20999df2af8eb42d56 -> 
AssetImportWorkerClient::OnTransportError - code=2 error=End of file
